<?xml version="1.0" encoding="UTF-8"?>
<!-- Generated by org.testng.reporters.JUnitXMLReporter -->
<testsuite ignored="0" hostname="DESKTOP-QB5O9P3" failures="0" tests="1" name="Default test(failed)" time="0.065" errors="0" timestamp="2022-07-30T15:36:12 PDT">
  <testcase classname="kiteAppPOMClassesForTestingUsingTestNG.CrossBrowserTestingOfKiteAppinTestNG" name="@BeforeClass launchkite" time="-1.659220572246E9">
    <failure type="org.testng.TestNGException" message="
Parameter &amp;apos;browsername&amp;apos; is required by BeforeClass on method launchkite but has not been marked @Optional or defined
in C:\Users\DELL\eclipse-workspace\javapractice\src\javastudy\MySelenium\test-output\testng-failed.xml">
      <![CDATA[org.testng.TestNGException: 
Parameter 'browsername' is required by BeforeClass on method launchkite but has not been marked @Optional or defined
in C:\Users\DELL\eclipse-workspace\javapractice\src\javastudy\MySelenium\test-output\testng-failed.xml
at java.base/java.util.ArrayList.forEach(ArrayList.java:1511)
... Removed 22 stack frames]]>
    </failure>
  </testcase> <!-- @BeforeClass launchkite -->
  <testcase classname="kiteAppPOMClassesForTestingUsingTestNG.CrossBrowserTestingOfKiteAppinTestNG" name="@BeforeMethod loginkite" time="-1.659220572272E9">
    <skipped/>
  </testcase> <!-- @BeforeMethod loginkite -->
  <testcase classname="kiteAppPOMClassesForTestingUsingTestNG.CrossBrowserTestingOfKiteAppinTestNG" name="@AfterMethod logoutkite" time="-1.659220572281E9">
    <skipped/>
  </testcase> <!-- @AfterMethod logoutkite -->
  <testcase classname="kiteAppPOMClassesForTestingUsingTestNG.CrossBrowserTestingOfKiteAppinTestNG" name="@AfterClass closekite" time="-1.659220572283E9">
    <skipped/>
  </testcase> <!-- @AfterClass closekite -->
  <testcase classname="kiteAppPOMClassesForTestingUsingTestNG.CrossBrowserTestingOfKiteAppinTestNG" name="validateuserid" time="0.001">
    <skipped/>
  </testcase> <!-- validateuserid -->
</testsuite> <!-- Default test(failed) -->
